\BOOKMARK [1][]{section.1}{1 Inhalt}{}% 1
\BOOKMARK [2][]{subsection.2}{1.1 Versionierung}{section.1}% 2
\BOOKMARK [1][]{section.3}{2 Integralberechnung}{}% 3
\BOOKMARK [2][]{subsection.4}{2.1 Unbestimmtes Integral}{section.3}% 4
\BOOKMARK [2][]{subsection.6}{2.2 Bestimmtes Integral}{section.3}% 5
\BOOKMARK [2][]{subsection.8}{2.3 Partielle Integration}{section.3}% 6
\BOOKMARK [2][]{subsection.10}{2.4 Integration durch Substitution}{section.3}% 7
\BOOKMARK [3][]{subsubsection.12}{2.4.1 Spezialfall}{subsection.10}% 8
\BOOKMARK [2][]{subsection.14}{2.5 Gerade/Ungerade Funktionen}{section.3}% 9
\BOOKMARK [2][]{subsection.16}{2.6 Beispiele}{section.3}% 10
\BOOKMARK [3][]{subsubsection.17}{2.6.1 12 ln\(t\)t dt}{subsection.16}% 11
\BOOKMARK [3][]{subsubsection.19}{2.6.2 012 tan\(t\) dt}{subsection.16}% 12
\BOOKMARK [3][]{subsubsection.21}{2.6.3 4xe-x dx}{subsection.16}% 13
\BOOKMARK [3][]{subsubsection.23}{2.6.4 0\(x+3\)cos\(2x\) dx\)}{subsection.16}% 14
\BOOKMARK [3][]{subsubsection.25}{2.6.5 cos2\(x\)dx}{subsection.16}% 15
\BOOKMARK [3][]{subsubsection.27}{2.6.6 01 x arctan\(x\) dx}{subsection.16}% 16
\BOOKMARK [3][]{subsubsection.29}{2.6.7 3x2+2x3+2x+1dx}{subsection.16}% 17
\BOOKMARK [3][]{subsubsection.31}{2.6.8 cos\(x\) e3sin\(x\)dx}{subsection.16}% 18
\BOOKMARK [3][]{subsubsection.33}{2.6.9 1\(2+x\) 1+xdx}{subsection.16}% 19
\BOOKMARK [3][]{subsubsection.35}{2.6.10 4+x2 \040dx}{subsection.16}% 20
\BOOKMARK [3][]{subsubsection.37}{2.6.11 -33 1+ex2 *\(sin\(x\)3dx}{subsection.16}% 21
\BOOKMARK [2][]{subsection.39}{2.7 Allgemeines zur Integration}{section.3}% 22
\BOOKMARK [3][]{subsubsection.40}{2.7.1 Riemann Integrierbarkeit}{subsection.39}% 23
\BOOKMARK [3][]{subsubsection.56}{2.7.2 MWS der Integralrechnung}{subsection.39}% 24
\BOOKMARK [3][]{subsubsection.57}{2.7.3 Hauptsatz der Differential- und Integralrechnung}{subsection.39}% 25
\BOOKMARK [3][]{subsubsection.58}{2.7.4 Anwendungen}{subsection.39}% 26
\BOOKMARK [1][]{section.61}{3 Anh\344nge}{}% 27
\BOOKMARK [2][]{subsection.62}{3.1 Formelverzeichnis}{section.61}% 28
